{
  message: ' Database is connect successfully',
  level: 'info',
  label: 'PH',
  timestamp: '2023-06-04T06:16:03.211Z'
}
{
  message: 'Application listening on port 5000',
  level: 'info',
  label: 'PH',
  timestamp: '2023-06-04T06:16:03.237Z'
}
{
  message: ' Database is connect successfully',
  level: 'info',
  label: 'PH',
  timestamp: '2023-06-04T06:19:22.951Z'
}
{
  message: 'Application listening on port 5000',
  level: 'info',
  label: 'PH',
  timestamp: '2023-06-04T06:19:22.973Z'
}
{
  message: ' Database is connect successfully',
  level: 'info',
  label: 'PH',
  timestamp: '2023-06-04T06:20:29.744Z'
}
{
  message: 'Application listening on port 5000',
  level: 'info',
  label: 'PH',
  timestamp: '2023-06-04T06:20:29.775Z'
}
Sun Jun 04 2023 12:21:27}[PH] info:  Database is connect successfully
Sun Jun 04 2023 12:21:27}[PH] info: Application listening on port 5000
Sun Jun 04 2023 12:22:47}[PH] info:  Database is connect successfully
Sun Jun 04 2023 12:22:47}[PH] info: Application listening on port 5000
Sun Jun 04 2023 12:23:3}[PH] info:  Database is connect successfully
Sun Jun 04 2023 12:23:3}[PH] info: Application listening on port 5000
Sun Jun 04 2023 12:23:50}[PH] info:  Database is connect successfully
Sun Jun 04 2023 12:23:50}[PH] info: Application listening on port 5000
